<?xml version="1.0" encoding="UTF-8"?>
<coverage generated="1756801507465" clover="3.2.0">
  <project timestamp="1756801507465" name="All files">
    <metrics statements="35" coveredstatements="35" conditionals="17" coveredconditionals="17" methods="11" coveredmethods="11" elements="63" coveredelements="63" complexity="0" loc="35" ncloc="35" packages="1" files="1" classes="1"/>
    <file name="fileWatcher.js" path="/private/var/folders/g7/b3dmp8zn2098snlk5_qh__dr0000gp/T/vibe-kanban/worktrees/vk-0f5a-add-unit-t/src/fileWatcher.js">
      <metrics statements="35" coveredstatements="35" conditionals="17" coveredconditionals="17" methods="11" coveredmethods="11"/>
      <line num="1" count="1" type="stmt"/>
      <line num="2" count="1" type="stmt"/>
      <line num="6" count="24" type="stmt"/>
      <line num="7" count="24" type="stmt"/>
      <line num="12" count="24" type="stmt"/>
      <line num="16" count="12" type="cond" truecount="2" falsecount="0"/>
      <line num="17" count="1" type="stmt"/>
      <line num="20" count="11" type="cond" truecount="2" falsecount="0"/>
      <line num="21" count="2" type="stmt"/>
      <line num="24" count="9" type="stmt"/>
      <line num="26" count="9" type="stmt"/>
      <line num="28" count="2" type="cond" truecount="2" falsecount="0"/>
      <line num="29" count="1" type="stmt"/>
      <line num="30" count="1" type="stmt"/>
      <line num="34" count="1" type="stmt"/>
      <line num="35" count="1" type="stmt"/>
      <line num="38" count="1" type="stmt"/>
      <line num="39" count="1" type="stmt"/>
      <line num="42" count="9" type="stmt"/>
      <line num="46" count="3" type="cond" truecount="2" falsecount="0"/>
      <line num="47" count="2" type="stmt"/>
      <line num="48" count="2" type="stmt"/>
      <line num="53" count="13" type="cond" truecount="4" falsecount="0"/>
      <line num="54" count="5" type="stmt"/>
      <line num="56" count="8" type="stmt"/>
      <line num="60" count="2" type="stmt"/>
      <line num="61" count="2" type="stmt"/>
      <line num="62" count="2" type="stmt"/>
      <line num="63" count="2" type="stmt"/>
      <line num="67" count="10" type="cond" truecount="4" falsecount="0"/>
      <line num="68" count="4" type="stmt"/>
      <line num="70" count="6" type="stmt"/>
      <line num="74" count="2" type="stmt"/>
      <line num="78" count="3" type="stmt"/>
      <line num="82" count="1" type="stmt"/>
    </file>
  </project>
</coverage>
