<?xml version="1.0" encoding="UTF-8"?>
<coverage generated="1756802306700" clover="3.2.0">
  <project timestamp="1756802306700" name="All files">
    <metrics statements="23" coveredstatements="22" conditionals="7" coveredconditionals="6" methods="6" coveredmethods="6" elements="36" coveredelements="34" complexity="0" loc="23" ncloc="23" packages="1" files="1" classes="1"/>
    <file name="index.js" path="/private/var/folders/g7/b3dmp8zn2098snlk5_qh__dr0000gp/T/vibe-kanban/worktrees/vk-f559-add-unit-t/index.js">
      <metrics statements="23" coveredstatements="22" conditionals="7" coveredconditionals="6" methods="6" coveredmethods="6"/>
      <line num="1" count="1" type="stmt"/>
      <line num="2" count="1" type="stmt"/>
      <line num="4" count="1" type="stmt"/>
      <line num="7" count="15" type="stmt"/>
      <line num="11" count="8" type="stmt"/>
      <line num="12" count="8" type="stmt"/>
      <line num="13" count="8" type="stmt"/>
      <line num="14" count="8" type="stmt"/>
      <line num="18" count="5" type="cond" truecount="2" falsecount="0"/>
      <line num="19" count="4" type="stmt"/>
      <line num="20" count="4" type="stmt"/>
      <line num="22" count="1" type="stmt"/>
      <line num="26" count="3" type="stmt"/>
      <line num="30" count="8" type="stmt"/>
      <line num="36" count="8" type="stmt"/>
      <line num="38" count="8" type="stmt"/>
      <line num="42" count="8" type="stmt"/>
      <line num="46" count="2" type="stmt"/>
      <line num="47" count="2" type="stmt"/>
      <line num="48" count="2" type="stmt"/>
      <line num="52" count="1" type="stmt"/>
      <line num="63" count="1" type="cond" truecount="1" falsecount="1"/>
      <line num="64" count="0" type="stmt"/>
    </file>
  </project>
</coverage>
