{"/private/var/folders/g7/b3dmp8zn2098snlk5_qh__dr0000gp/T/vibe-kanban/worktrees/vk-f559-add-unit-t/index.js": {"path":"/private/var/folders/g7/b3dmp8zn2098snlk5_qh__dr0000gp/T/vibe-kanban/worktrees/vk-f559-add-unit-t/index.js","statementMap":{"0":{"start":{"line":1,"column":17},"end":{"line":1,"column":36}},"1":{"start":{"line":2,"column":13},"end":{"line":2,"column":28}},"2":{"start":{"line":4,"column":29},"end":{"line":4,"column":87}},"3":{"start":{"line":7,"column":2},"end":{"line":7,"column":49}},"4":{"start":{"line":11,"column":2},"end":{"line":11,"column":41}},"5":{"start":{"line":12,"column":19},"end":{"line":12,"column":42}},"6":{"start":{"line":13,"column":2},"end":{"line":13,"column":36}},"7":{"start":{"line":14,"column":2},"end":{"line":14,"column":18}},"8":{"start":{"line":18,"column":2},"end":{"line":21,"column":3}},"9":{"start":{"line":19,"column":4},"end":{"line":19,"column":51}},"10":{"start":{"line":20,"column":4},"end":{"line":20,"column":38}},"11":{"start":{"line":22,"column":2},"end":{"line":22,"column":14}},"12":{"start":{"line":26,"column":2},"end":{"line":26,"column":37}},"13":{"start":{"line":30,"column":25},"end":{"line":34,"column":3}},"14":{"start":{"line":36,"column":18},"end":{"line":36,"column":61}},"15":{"start":{"line":38,"column":2},"end":{"line":40,"column":37}},"16":{"start":{"line":42,"column":2},"end":{"line":42,"column":17}},"17":{"start":{"line":46,"column":2},"end":{"line":46,"column":47}},"18":{"start":{"line":47,"column":2},"end":{"line":47,"column":38}},"19":{"start":{"line":48,"column":2},"end":{"line":48,"column":40}},"20":{"start":{"line":52,"column":0},"end":{"line":60,"column":2}},"21":{"start":{"line":63,"column":0},"end":{"line":65,"column":1}},"22":{"start":{"line":64,"column":2},"end":{"line":64,"column":21}}},"fnMap":{"0":{"name":"isMp3File","decl":{"start":{"line":6,"column":9},"end":{"line":6,"column":18}},"loc":{"start":{"line":6,"column":29},"end":{"line":8,"column":1}},"line":6},"1":{"name":"handleNewMp3File","decl":{"start":{"line":10,"column":9},"end":{"line":10,"column":25}},"loc":{"start":{"line":10,"column":36},"end":{"line":15,"column":1}},"line":10},"2":{"name":"handleFileAdd","decl":{"start":{"line":17,"column":9},"end":{"line":17,"column":22}},"loc":{"start":{"line":17,"column":33},"end":{"line":23,"column":1}},"line":17},"3":{"name":"handleWatcherError","decl":{"start":{"line":25,"column":9},"end":{"line":25,"column":27}},"loc":{"start":{"line":25,"column":35},"end":{"line":27,"column":1}},"line":25},"4":{"name":"createFileWatcher","decl":{"start":{"line":29,"column":9},"end":{"line":29,"column":26}},"loc":{"start":{"line":29,"column":77},"end":{"line":43,"column":1}},"line":29},"5":{"name":"startFileWatcher","decl":{"start":{"line":45,"column":9},"end":{"line":45,"column":25}},"loc":{"start":{"line":45,"column":62},"end":{"line":49,"column":1}},"line":45}},"branchMap":{"0":{"loc":{"start":{"line":18,"column":2},"end":{"line":21,"column":3}},"type":"if","locations":[{"start":{"line":18,"column":2},"end":{"line":21,"column":3}},{"start":{},"end":{}}],"line":18},"1":{"loc":{"start":{"line":29,"column":27},"end":{"line":29,"column":61}},"type":"default-arg","locations":[{"start":{"line":29,"column":41},"end":{"line":29,"column":61}}],"line":29},"2":{"loc":{"start":{"line":29,"column":63},"end":{"line":29,"column":75}},"type":"default-arg","locations":[{"start":{"line":29,"column":73},"end":{"line":29,"column":75}}],"line":29},"3":{"loc":{"start":{"line":45,"column":26},"end":{"line":45,"column":60}},"type":"default-arg","locations":[{"start":{"line":45,"column":40},"end":{"line":45,"column":60}}],"line":45},"4":{"loc":{"start":{"line":63,"column":0},"end":{"line":65,"column":1}},"type":"if","locations":[{"start":{"line":63,"column":0},"end":{"line":65,"column":1}},{"start":{},"end":{}}],"line":63}},"s":{"0":1,"1":1,"2":1,"3":15,"4":8,"5":8,"6":8,"7":8,"8":5,"9":4,"10":4,"11":1,"12":3,"13":8,"14":8,"15":8,"16":8,"17":2,"18":2,"19":2,"20":1,"21":1,"22":0},"f":{"0":15,"1":8,"2":5,"3":3,"4":8,"5":2},"b":{"0":[4,1],"1":[3],"2":[6],"3":[1],"4":[0,1]},"_coverageSchema":"1a1c01bbd47fc00a2c39e90264f33305004495a9","hash":"c86b0addef68604eef6816de87133acd5ba7b7c1"}
}
