{"/private/var/folders/g7/b3dmp8zn2098snlk5_qh__dr0000gp/T/vibe-kanban/worktrees/vk-0f5a-add-unit-t/src/fileWatcher.js": {"path":"/private/var/folders/g7/b3dmp8zn2098snlk5_qh__dr0000gp/T/vibe-kanban/worktrees/vk-0f5a-add-unit-t/src/fileWatcher.js","statementMap":{"0":{"start":{"line":1,"column":17},"end":{"line":1,"column":36}},"1":{"start":{"line":2,"column":13},"end":{"line":2,"column":28}},"2":{"start":{"line":6,"column":4},"end":{"line":6,"column":31}},"3":{"start":{"line":7,"column":4},"end":{"line":11,"column":6}},"4":{"start":{"line":12,"column":4},"end":{"line":12,"column":24}},"5":{"start":{"line":16,"column":4},"end":{"line":18,"column":5}},"6":{"start":{"line":17,"column":6},"end":{"line":17,"column":43}},"7":{"start":{"line":20,"column":4},"end":{"line":22,"column":5}},"8":{"start":{"line":21,"column":6},"end":{"line":21,"column":40}},"9":{"start":{"line":24,"column":4},"end":{"line":24,"column":64}},"10":{"start":{"line":26,"column":4},"end":{"line":40,"column":9}},"11":{"start":{"line":28,"column":8},"end":{"line":31,"column":9}},"12":{"start":{"line":29,"column":10},"end":{"line":29,"column":57}},"13":{"start":{"line":30,"column":10},"end":{"line":30,"column":42}},"14":{"start":{"line":34,"column":8},"end":{"line":34,"column":43}},"15":{"start":{"line":35,"column":8},"end":{"line":35,"column":32}},"16":{"start":{"line":38,"column":8},"end":{"line":38,"column":56}},"17":{"start":{"line":39,"column":8},"end":{"line":39,"column":44}},"18":{"start":{"line":42,"column":4},"end":{"line":42,"column":24}},"19":{"start":{"line":46,"column":4},"end":{"line":49,"column":5}},"20":{"start":{"line":47,"column":6},"end":{"line":47,"column":27}},"21":{"start":{"line":48,"column":6},"end":{"line":48,"column":26}},"22":{"start":{"line":53,"column":4},"end":{"line":55,"column":5}},"23":{"start":{"line":54,"column":6},"end":{"line":54,"column":19}},"24":{"start":{"line":56,"column":4},"end":{"line":56,"column":51}},"25":{"start":{"line":60,"column":4},"end":{"line":60,"column":43}},"26":{"start":{"line":61,"column":21},"end":{"line":61,"column":47}},"27":{"start":{"line":62,"column":4},"end":{"line":62,"column":38}},"28":{"start":{"line":63,"column":4},"end":{"line":63,"column":20}},"29":{"start":{"line":67,"column":4},"end":{"line":69,"column":5}},"30":{"start":{"line":68,"column":6},"end":{"line":68,"column":16}},"31":{"start":{"line":70,"column":4},"end":{"line":70,"column":35}},"32":{"start":{"line":74,"column":4},"end":{"line":74,"column":43}},"33":{"start":{"line":78,"column":4},"end":{"line":78,"column":33}},"34":{"start":{"line":82,"column":0},"end":{"line":82,"column":29}}},"fnMap":{"0":{"name":"(anonymous_0)","decl":{"start":{"line":5,"column":2},"end":{"line":5,"column":3}},"loc":{"start":{"line":5,"column":39},"end":{"line":13,"column":3}},"line":5},"1":{"name":"(anonymous_1)","decl":{"start":{"line":15,"column":2},"end":{"line":15,"column":3}},"loc":{"start":{"line":15,"column":10},"end":{"line":43,"column":3}},"line":15},"2":{"name":"(anonymous_2)","decl":{"start":{"line":27,"column":17},"end":{"line":27,"column":18}},"loc":{"start":{"line":27,"column":31},"end":{"line":32,"column":7}},"line":27},"3":{"name":"(anonymous_3)","decl":{"start":{"line":33,"column":19},"end":{"line":33,"column":20}},"loc":{"start":{"line":33,"column":30},"end":{"line":36,"column":7}},"line":33},"4":{"name":"(anonymous_4)","decl":{"start":{"line":37,"column":19},"end":{"line":37,"column":20}},"loc":{"start":{"line":37,"column":25},"end":{"line":40,"column":7}},"line":37},"5":{"name":"(anonymous_5)","decl":{"start":{"line":45,"column":2},"end":{"line":45,"column":3}},"loc":{"start":{"line":45,"column":9},"end":{"line":50,"column":3}},"line":45},"6":{"name":"(anonymous_6)","decl":{"start":{"line":52,"column":2},"end":{"line":52,"column":3}},"loc":{"start":{"line":52,"column":22},"end":{"line":57,"column":3}},"line":52},"7":{"name":"(anonymous_7)","decl":{"start":{"line":59,"column":2},"end":{"line":59,"column":3}},"loc":{"start":{"line":59,"column":29},"end":{"line":64,"column":3}},"line":59},"8":{"name":"(anonymous_8)","decl":{"start":{"line":66,"column":2},"end":{"line":66,"column":3}},"loc":{"start":{"line":66,"column":24},"end":{"line":71,"column":3}},"line":66},"9":{"name":"(anonymous_9)","decl":{"start":{"line":73,"column":2},"end":{"line":73,"column":3}},"loc":{"start":{"line":73,"column":21},"end":{"line":75,"column":3}},"line":73},"10":{"name":"(anonymous_10)","decl":{"start":{"line":77,"column":2},"end":{"line":77,"column":3}},"loc":{"start":{"line":77,"column":15},"end":{"line":79,"column":3}},"line":77}},"branchMap":{"0":{"loc":{"start":{"line":5,"column":25},"end":{"line":5,"column":37}},"type":"default-arg","locations":[{"start":{"line":5,"column":35},"end":{"line":5,"column":37}}],"line":5},"1":{"loc":{"start":{"line":16,"column":4},"end":{"line":18,"column":5}},"type":"if","locations":[{"start":{"line":16,"column":4},"end":{"line":18,"column":5}},{"start":{},"end":{}}],"line":16},"2":{"loc":{"start":{"line":20,"column":4},"end":{"line":22,"column":5}},"type":"if","locations":[{"start":{"line":20,"column":4},"end":{"line":22,"column":5}},{"start":{},"end":{}}],"line":20},"3":{"loc":{"start":{"line":28,"column":8},"end":{"line":31,"column":9}},"type":"if","locations":[{"start":{"line":28,"column":8},"end":{"line":31,"column":9}},{"start":{},"end":{}}],"line":28},"4":{"loc":{"start":{"line":46,"column":4},"end":{"line":49,"column":5}},"type":"if","locations":[{"start":{"line":46,"column":4},"end":{"line":49,"column":5}},{"start":{},"end":{}}],"line":46},"5":{"loc":{"start":{"line":53,"column":4},"end":{"line":55,"column":5}},"type":"if","locations":[{"start":{"line":53,"column":4},"end":{"line":55,"column":5}},{"start":{},"end":{}}],"line":53},"6":{"loc":{"start":{"line":53,"column":8},"end":{"line":53,"column":49}},"type":"binary-expr","locations":[{"start":{"line":53,"column":8},"end":{"line":53,"column":17}},{"start":{"line":53,"column":21},"end":{"line":53,"column":49}}],"line":53},"7":{"loc":{"start":{"line":67,"column":4},"end":{"line":69,"column":5}},"type":"if","locations":[{"start":{"line":67,"column":4},"end":{"line":69,"column":5}},{"start":{},"end":{}}],"line":67},"8":{"loc":{"start":{"line":67,"column":8},"end":{"line":67,"column":49}},"type":"binary-expr","locations":[{"start":{"line":67,"column":8},"end":{"line":67,"column":17}},{"start":{"line":67,"column":21},"end":{"line":67,"column":49}}],"line":67}},"s":{"0":1,"1":1,"2":24,"3":24,"4":24,"5":12,"6":1,"7":11,"8":2,"9":9,"10":9,"11":2,"12":1,"13":1,"14":1,"15":1,"16":1,"17":1,"18":9,"19":3,"20":2,"21":2,"22":13,"23":5,"24":8,"25":2,"26":2,"27":2,"28":2,"29":10,"30":4,"31":6,"32":2,"33":3,"34":1},"f":{"0":24,"1":12,"2":2,"3":1,"4":1,"5":3,"6":13,"7":2,"8":10,"9":2,"10":3},"b":{"0":[23],"1":[1,11],"2":[2,9],"3":[1,1],"4":[2,1],"5":[5,8],"6":[13,10],"7":[4,6],"8":[10,7]},"_coverageSchema":"1a1c01bbd47fc00a2c39e90264f33305004495a9","hash":"c8b411486162995aea3b8bc8fa16ca3fc9b2df1d"}
}
