TN:
SF:index.js
FN:6,isMp3File
FN:10,handleNewMp3File
FN:17,handleFileAdd
FN:25,handleWatcherError
FN:29,createFileWatcher
FN:45,startFileWatcher
FNF:6
FNH:6
FNDA:15,isMp3File
FNDA:8,handleNewMp3File
FNDA:5,handleFileAdd
FNDA:3,handleWatcherError
FNDA:8,createFileWatcher
FNDA:2,startFileWatcher
DA:1,1
DA:2,1
DA:4,1
DA:7,15
DA:11,8
DA:12,8
DA:13,8
DA:14,8
DA:18,5
DA:19,4
DA:20,4
DA:22,1
DA:26,3
DA:30,8
DA:36,8
DA:38,8
DA:42,8
DA:46,2
DA:47,2
DA:48,2
DA:52,1
DA:63,1
DA:64,0
LF:23
LH:22
BRDA:18,0,0,4
BRDA:18,0,1,1
BRDA:29,1,0,3
BRDA:29,2,0,6
BRDA:45,3,0,1
BRDA:63,4,0,0
BRDA:63,4,1,1
BRF:7
BRH:6
end_of_record
