TN:
SF:src/fileWatcher.js
FN:5,(anonymous_0)
FN:15,(anonymous_1)
FN:27,(anonymous_2)
FN:33,(anonymous_3)
FN:37,(anonymous_4)
FN:45,(anonymous_5)
FN:52,(anonymous_6)
FN:59,(anonymous_7)
FN:66,(anonymous_8)
FN:73,(anonymous_9)
FN:77,(anonymous_10)
FNF:11
FNH:11
FNDA:24,(anonymous_0)
FNDA:12,(anonymous_1)
FNDA:2,(anonymous_2)
FNDA:1,(anonymous_3)
FNDA:1,(anonymous_4)
FNDA:3,(anonymous_5)
FNDA:13,(anonymous_6)
FNDA:2,(anonymous_7)
FNDA:10,(anonymous_8)
FNDA:2,(anonymous_9)
FNDA:3,(anonymous_10)
DA:1,1
DA:2,1
DA:6,24
DA:7,24
DA:12,24
DA:16,12
DA:17,1
DA:20,11
DA:21,2
DA:24,9
DA:26,9
DA:28,2
DA:29,1
DA:30,1
DA:34,1
DA:35,1
DA:38,1
DA:39,1
DA:42,9
DA:46,3
DA:47,2
DA:48,2
DA:53,13
DA:54,5
DA:56,8
DA:60,2
DA:61,2
DA:62,2
DA:63,2
DA:67,10
DA:68,4
DA:70,6
DA:74,2
DA:78,3
DA:82,1
LF:35
LH:35
BRDA:5,0,0,23
BRDA:16,1,0,1
BRDA:16,1,1,11
BRDA:20,2,0,2
BRDA:20,2,1,9
BRDA:28,3,0,1
BRDA:28,3,1,1
BRDA:46,4,0,2
BRDA:46,4,1,1
BRDA:53,5,0,5
BRDA:53,5,1,8
BRDA:53,6,0,13
BRDA:53,6,1,10
BRDA:67,7,0,4
BRDA:67,7,1,6
BRDA:67,8,0,10
BRDA:67,8,1,7
BRF:17
BRH:17
end_of_record
